<?xml version="1.0" encoding="UTF-8"?>
<testsuite xmlns:xsi="http://www.w3.org/2001/XMLSchema-instance" xsi:noNamespaceSchemaLocation="https://maven.apache.org/surefire/maven-surefire-plugin/xsd/surefire-test-report-3.0.xsd" version="3.0" name="TestSuite" time="1.98" tests="131" errors="0" skipped="0" failures="14">
  <properties>
    <property name="sun.desktop" value="windows"/>
    <property name="awt.toolkit" value="sun.awt.windows.WToolkit"/>
    <property name="java.specification.version" value="11"/>
    <property name="sun.cpu.isalist" value="amd64"/>
    <property name="sun.jnu.encoding" value="Cp1251"/>
    <property name="java.class.path" value="D:\JavaAutomation\Dmitrienko\XMLParser\target\test-classes;D:\JavaAutomation\Dmitrienko\XMLParser\target\classes;C:\Users\dmitr\.m2\repository\org\testng\testng\7.3.0\testng-7.3.0.jar;C:\Users\dmitr\.m2\repository\com\beust\jcommander\1.78\jcommander-1.78.jar;C:\Users\dmitr\.m2\repository\org\apache\ant\ant\1.10.3\ant-1.10.3.jar;C:\Users\dmitr\.m2\repository\org\apache\ant\ant-launcher\1.10.3\ant-launcher-1.10.3.jar;C:\Users\dmitr\.m2\repository\junit\junit\4.12\junit-4.12.jar;C:\Users\dmitr\.m2\repository\org\hamcrest\hamcrest-core\1.3\hamcrest-core-1.3.jar;C:\Users\dmitr\.m2\repository\com\google\inject\guice\4.2.2\guice-4.2.2-no_aop.jar;C:\Users\dmitr\.m2\repository\javax\inject\javax.inject\1\javax.inject-1.jar;C:\Users\dmitr\.m2\repository\aopalliance\aopalliance\1.0\aopalliance-1.0.jar;C:\Users\dmitr\.m2\repository\com\google\guava\guava\25.1-android\guava-25.1-android.jar;C:\Users\dmitr\.m2\repository\com\google\code\findbugs\jsr305\3.0.2\jsr305-3.0.2.jar;C:\Users\dmitr\.m2\repository\org\checkerframework\checker-compat-qual\2.0.0\checker-compat-qual-2.0.0.jar;C:\Users\dmitr\.m2\repository\com\google\errorprone\error_prone_annotations\2.1.3\error_prone_annotations-2.1.3.jar;C:\Users\dmitr\.m2\repository\com\google\j2objc\j2objc-annotations\1.1\j2objc-annotations-1.1.jar;C:\Users\dmitr\.m2\repository\org\codehaus\mojo\animal-sniffer-annotations\1.14\animal-sniffer-annotations-1.14.jar;C:\Users\dmitr\.m2\repository\org\yaml\snakeyaml\1.21\snakeyaml-1.21.jar;C:\Users\dmitr\.m2\repository\org\apache\maven\plugins\maven-compiler-plugin\3.8.1\maven-compiler-plugin-3.8.1.jar;C:\Users\dmitr\.m2\repository\org\apache\maven\maven-plugin-api\3.0\maven-plugin-api-3.0.jar;C:\Users\dmitr\.m2\repository\org\sonatype\sisu\sisu-inject-plexus\1.4.2\sisu-inject-plexus-1.4.2.jar;C:\Users\dmitr\.m2\repository\org\sonatype\sisu\sisu-inject-bean\1.4.2\sisu-inject-bean-1.4.2.jar;C:\Users\dmitr\.m2\repository\org\sonatype\sisu\sisu-guice\2.1.7\sisu-guice-2.1.7-noaop.jar;C:\Users\dmitr\.m2\repository\org\apache\maven\maven-artifact\3.0\maven-artifact-3.0.jar;C:\Users\dmitr\.m2\repository\org\apache\maven\maven-core\3.0\maven-core-3.0.jar;C:\Users\dmitr\.m2\repository\org\apache\maven\maven-settings\3.0\maven-settings-3.0.jar;C:\Users\dmitr\.m2\repository\org\apache\maven\maven-settings-builder\3.0\maven-settings-builder-3.0.jar;C:\Users\dmitr\.m2\repository\org\apache\maven\maven-repository-metadata\3.0\maven-repository-metadata-3.0.jar;C:\Users\dmitr\.m2\repository\org\apache\maven\maven-model-builder\3.0\maven-model-builder-3.0.jar;C:\Users\dmitr\.m2\repository\org\apache\maven\maven-aether-provider\3.0\maven-aether-provider-3.0.jar;C:\Users\dmitr\.m2\repository\org\sonatype\aether\aether-impl\1.7\aether-impl-1.7.jar;C:\Users\dmitr\.m2\repository\org\sonatype\aether\aether-spi\1.7\aether-spi-1.7.jar;C:\Users\dmitr\.m2\repository\org\sonatype\aether\aether-api\1.7\aether-api-1.7.jar;C:\Users\dmitr\.m2\repository\org\sonatype\aether\aether-util\1.7\aether-util-1.7.jar;C:\Users\dmitr\.m2\repository\org\codehaus\plexus\plexus-classworlds\2.2.3\plexus-classworlds-2.2.3.jar;C:\Users\dmitr\.m2\repository\org\sonatype\plexus\plexus-sec-dispatcher\1.3\plexus-sec-dispatcher-1.3.jar;C:\Users\dmitr\.m2\repository\org\sonatype\plexus\plexus-cipher\1.4\plexus-cipher-1.4.jar;C:\Users\dmitr\.m2\repository\org\apache\maven\shared\maven-shared-utils\3.2.1\maven-shared-utils-3.2.1.jar;C:\Users\dmitr\.m2\repository\org\apache\maven\shared\maven-shared-incremental\1.1\maven-shared-incremental-1.1.jar;C:\Users\dmitr\.m2\repository\org\codehaus\plexus\plexus-java\0.9.10\plexus-java-0.9.10.jar;C:\Users\dmitr\.m2\repository\org\ow2\asm\asm\6.2\asm-6.2.jar;C:\Users\dmitr\.m2\repository\com\thoughtworks\qdox\qdox\2.0-M8\qdox-2.0-M8.jar;C:\Users\dmitr\.m2\repository\org\codehaus\plexus\plexus-compiler-api\2.8.4\plexus-compiler-api-2.8.4.jar;C:\Users\dmitr\.m2\repository\org\codehaus\plexus\plexus-compiler-manager\2.8.4\plexus-compiler-manager-2.8.4.jar;C:\Users\dmitr\.m2\repository\org\codehaus\plexus\plexus-compiler-javac\2.8.4\plexus-compiler-javac-2.8.4.jar;C:\Users\dmitr\.m2\repository\org\apache\maven\plugins\maven-install-plugin\3.0.0-M1\maven-install-plugin-3.0.0-M1.jar;C:\Users\dmitr\.m2\repository\org\apache\maven\shared\maven-artifact-transfer\0.10.0\maven-artifact-transfer-0.10.0.jar;C:\Users\dmitr\.m2\repository\org\apache\maven\shared\maven-common-artifact-filters\3.0.1\maven-common-artifact-filters-3.0.1.jar;C:\Users\dmitr\.m2\repository\commons-codec\commons-codec\1.11\commons-codec-1.11.jar;C:\Users\dmitr\.m2\repository\org\slf4j\slf4j-api\1.7.5\slf4j-api-1.7.5.jar;C:\Users\dmitr\.m2\repository\org\apache\maven\plugins\maven-jar-plugin\3.2.0\maven-jar-plugin-3.2.0.jar;C:\Users\dmitr\.m2\repository\org\apache\maven\shared\file-management\3.0.0\file-management-3.0.0.jar;C:\Users\dmitr\.m2\repository\org\apache\maven\shared\maven-shared-io\3.0.0\maven-shared-io-3.0.0.jar;C:\Users\dmitr\.m2\repository\org\apache\maven\maven-compat\3.0\maven-compat-3.0.jar;C:\Users\dmitr\.m2\repository\org\apache\maven\wagon\wagon-provider-api\2.10\wagon-provider-api-2.10.jar;C:\Users\dmitr\.m2\repository\org\apache\maven\maven-archiver\3.5.0\maven-archiver-3.5.0.jar;C:\Users\dmitr\.m2\repository\org\codehaus\plexus\plexus-archiver\4.2.1\plexus-archiver-4.2.1.jar;C:\Users\dmitr\.m2\repository\org\codehaus\plexus\plexus-io\3.2.0\plexus-io-3.2.0.jar;C:\Users\dmitr\.m2\repository\org\apache\commons\commons-compress\1.19\commons-compress-1.19.jar;C:\Users\dmitr\.m2\repository\org\iq80\snappy\snappy\0.4\snappy-0.4.jar;C:\Users\dmitr\.m2\repository\org\tukaani\xz\1.8\xz-1.8.jar;C:\Users\dmitr\.m2\repository\org\codehaus\plexus\plexus-utils\3.3.0\plexus-utils-3.3.0.jar;C:\Users\dmitr\.m2\repository\org\apache\maven\plugins\maven-resources-plugin\3.2.0\maven-resources-plugin-3.2.0.jar;C:\Users\dmitr\.m2\repository\org\apache\maven\maven-model\3.1.0\maven-model-3.1.0.jar;C:\Users\dmitr\.m2\repository\org\codehaus\plexus\plexus-component-annotations\2.0.0\plexus-component-annotations-2.0.0.jar;C:\Users\dmitr\.m2\repository\org\codehaus\plexus\plexus-interpolation\1.26\plexus-interpolation-1.26.jar;C:\Users\dmitr\.m2\repository\org\eclipse\sisu\org.eclipse.sisu.plexus\0.0.0.M2a\org.eclipse.sisu.plexus-0.0.0.M2a.jar;C:\Users\dmitr\.m2\repository\javax\enterprise\cdi-api\1.0\cdi-api-1.0.jar;C:\Users\dmitr\.m2\repository\javax\annotation\jsr250-api\1.0\jsr250-api-1.0.jar;C:\Users\dmitr\.m2\repository\org\sonatype\sisu\sisu-guice\3.1.0\sisu-guice-3.1.0-no_aop.jar;C:\Users\dmitr\.m2\repository\org\eclipse\sisu\org.eclipse.sisu.inject\0.0.0.M2a\org.eclipse.sisu.inject-0.0.0.M2a.jar;C:\Users\dmitr\.m2\repository\asm\asm\3.3.1\asm-3.3.1.jar;C:\Users\dmitr\.m2\repository\org\apache\maven\shared\maven-filtering\3.2.0\maven-filtering-3.2.0.jar;C:\Users\dmitr\.m2\repository\org\sonatype\plexus\plexus-build-api\0.0.7\plexus-build-api-0.0.7.jar;C:\Users\dmitr\.m2\repository\commons-io\commons-io\2.6\commons-io-2.6.jar;C:\Users\dmitr\.m2\repository\org\apache\commons\commons-lang3\3.8.1\commons-lang3-3.8.1.jar;C:\Users\dmitr\.m2\repository\org\apache\maven\plugins\maven-deploy-plugin\3.0.0-M1\maven-deploy-plugin-3.0.0-M1.jar;"/>
    <property name="java.vm.vendor" value="Oracle Corporation"/>
    <property name="sun.arch.data.model" value="64"/>
    <property name="user.variant" value=""/>
    <property name="java.vendor.url" value="https://openjdk.java.net/"/>
    <property name="user.timezone" value="Europe/Minsk"/>
    <property name="user.country.format" value="BY"/>
    <property name="java.vm.specification.version" value="11"/>
    <property name="os.name" value="Windows 10"/>
    <property name="sun.java.launcher" value="SUN_STANDARD"/>
    <property name="user.country" value="RU"/>
    <property name="sun.boot.library.path" value="C:\Program Files\Java\jdk-11.0.8\bin"/>
    <property name="sun.java.command" value="C:\Users\dmitr\AppData\Local\Temp\surefire5527082100669652983\surefirebooter16592352219906422731.jar C:\Users\dmitr\AppData\Local\Temp\surefire5527082100669652983 2020-10-04T02-07-56_267-jvmRun1 surefire16660424253153502495tmp surefire_07879068192151864622tmp"/>
    <property name="jdk.debug" value="release"/>
    <property name="surefire.test.class.path" value="D:\JavaAutomation\Dmitrienko\XMLParser\target\test-classes;D:\JavaAutomation\Dmitrienko\XMLParser\target\classes;C:\Users\dmitr\.m2\repository\org\testng\testng\7.3.0\testng-7.3.0.jar;C:\Users\dmitr\.m2\repository\com\beust\jcommander\1.78\jcommander-1.78.jar;C:\Users\dmitr\.m2\repository\org\apache\ant\ant\1.10.3\ant-1.10.3.jar;C:\Users\dmitr\.m2\repository\org\apache\ant\ant-launcher\1.10.3\ant-launcher-1.10.3.jar;C:\Users\dmitr\.m2\repository\junit\junit\4.12\junit-4.12.jar;C:\Users\dmitr\.m2\repository\org\hamcrest\hamcrest-core\1.3\hamcrest-core-1.3.jar;C:\Users\dmitr\.m2\repository\com\google\inject\guice\4.2.2\guice-4.2.2-no_aop.jar;C:\Users\dmitr\.m2\repository\javax\inject\javax.inject\1\javax.inject-1.jar;C:\Users\dmitr\.m2\repository\aopalliance\aopalliance\1.0\aopalliance-1.0.jar;C:\Users\dmitr\.m2\repository\com\google\guava\guava\25.1-android\guava-25.1-android.jar;C:\Users\dmitr\.m2\repository\com\google\code\findbugs\jsr305\3.0.2\jsr305-3.0.2.jar;C:\Users\dmitr\.m2\repository\org\checkerframework\checker-compat-qual\2.0.0\checker-compat-qual-2.0.0.jar;C:\Users\dmitr\.m2\repository\com\google\errorprone\error_prone_annotations\2.1.3\error_prone_annotations-2.1.3.jar;C:\Users\dmitr\.m2\repository\com\google\j2objc\j2objc-annotations\1.1\j2objc-annotations-1.1.jar;C:\Users\dmitr\.m2\repository\org\codehaus\mojo\animal-sniffer-annotations\1.14\animal-sniffer-annotations-1.14.jar;C:\Users\dmitr\.m2\repository\org\yaml\snakeyaml\1.21\snakeyaml-1.21.jar;C:\Users\dmitr\.m2\repository\org\apache\maven\plugins\maven-compiler-plugin\3.8.1\maven-compiler-plugin-3.8.1.jar;C:\Users\dmitr\.m2\repository\org\apache\maven\maven-plugin-api\3.0\maven-plugin-api-3.0.jar;C:\Users\dmitr\.m2\repository\org\sonatype\sisu\sisu-inject-plexus\1.4.2\sisu-inject-plexus-1.4.2.jar;C:\Users\dmitr\.m2\repository\org\sonatype\sisu\sisu-inject-bean\1.4.2\sisu-inject-bean-1.4.2.jar;C:\Users\dmitr\.m2\repository\org\sonatype\sisu\sisu-guice\2.1.7\sisu-guice-2.1.7-noaop.jar;C:\Users\dmitr\.m2\repository\org\apache\maven\maven-artifact\3.0\maven-artifact-3.0.jar;C:\Users\dmitr\.m2\repository\org\apache\maven\maven-core\3.0\maven-core-3.0.jar;C:\Users\dmitr\.m2\repository\org\apache\maven\maven-settings\3.0\maven-settings-3.0.jar;C:\Users\dmitr\.m2\repository\org\apache\maven\maven-settings-builder\3.0\maven-settings-builder-3.0.jar;C:\Users\dmitr\.m2\repository\org\apache\maven\maven-repository-metadata\3.0\maven-repository-metadata-3.0.jar;C:\Users\dmitr\.m2\repository\org\apache\maven\maven-model-builder\3.0\maven-model-builder-3.0.jar;C:\Users\dmitr\.m2\repository\org\apache\maven\maven-aether-provider\3.0\maven-aether-provider-3.0.jar;C:\Users\dmitr\.m2\repository\org\sonatype\aether\aether-impl\1.7\aether-impl-1.7.jar;C:\Users\dmitr\.m2\repository\org\sonatype\aether\aether-spi\1.7\aether-spi-1.7.jar;C:\Users\dmitr\.m2\repository\org\sonatype\aether\aether-api\1.7\aether-api-1.7.jar;C:\Users\dmitr\.m2\repository\org\sonatype\aether\aether-util\1.7\aether-util-1.7.jar;C:\Users\dmitr\.m2\repository\org\codehaus\plexus\plexus-classworlds\2.2.3\plexus-classworlds-2.2.3.jar;C:\Users\dmitr\.m2\repository\org\sonatype\plexus\plexus-sec-dispatcher\1.3\plexus-sec-dispatcher-1.3.jar;C:\Users\dmitr\.m2\repository\org\sonatype\plexus\plexus-cipher\1.4\plexus-cipher-1.4.jar;C:\Users\dmitr\.m2\repository\org\apache\maven\shared\maven-shared-utils\3.2.1\maven-shared-utils-3.2.1.jar;C:\Users\dmitr\.m2\repository\org\apache\maven\shared\maven-shared-incremental\1.1\maven-shared-incremental-1.1.jar;C:\Users\dmitr\.m2\repository\org\codehaus\plexus\plexus-java\0.9.10\plexus-java-0.9.10.jar;C:\Users\dmitr\.m2\repository\org\ow2\asm\asm\6.2\asm-6.2.jar;C:\Users\dmitr\.m2\repository\com\thoughtworks\qdox\qdox\2.0-M8\qdox-2.0-M8.jar;C:\Users\dmitr\.m2\repository\org\codehaus\plexus\plexus-compiler-api\2.8.4\plexus-compiler-api-2.8.4.jar;C:\Users\dmitr\.m2\repository\org\codehaus\plexus\plexus-compiler-manager\2.8.4\plexus-compiler-manager-2.8.4.jar;C:\Users\dmitr\.m2\repository\org\codehaus\plexus\plexus-compiler-javac\2.8.4\plexus-compiler-javac-2.8.4.jar;C:\Users\dmitr\.m2\repository\org\apache\maven\plugins\maven-install-plugin\3.0.0-M1\maven-install-plugin-3.0.0-M1.jar;C:\Users\dmitr\.m2\repository\org\apache\maven\shared\maven-artifact-transfer\0.10.0\maven-artifact-transfer-0.10.0.jar;C:\Users\dmitr\.m2\repository\org\apache\maven\shared\maven-common-artifact-filters\3.0.1\maven-common-artifact-filters-3.0.1.jar;C:\Users\dmitr\.m2\repository\commons-codec\commons-codec\1.11\commons-codec-1.11.jar;C:\Users\dmitr\.m2\repository\org\slf4j\slf4j-api\1.7.5\slf4j-api-1.7.5.jar;C:\Users\dmitr\.m2\repository\org\apache\maven\plugins\maven-jar-plugin\3.2.0\maven-jar-plugin-3.2.0.jar;C:\Users\dmitr\.m2\repository\org\apache\maven\shared\file-management\3.0.0\file-management-3.0.0.jar;C:\Users\dmitr\.m2\repository\org\apache\maven\shared\maven-shared-io\3.0.0\maven-shared-io-3.0.0.jar;C:\Users\dmitr\.m2\repository\org\apache\maven\maven-compat\3.0\maven-compat-3.0.jar;C:\Users\dmitr\.m2\repository\org\apache\maven\wagon\wagon-provider-api\2.10\wagon-provider-api-2.10.jar;C:\Users\dmitr\.m2\repository\org\apache\maven\maven-archiver\3.5.0\maven-archiver-3.5.0.jar;C:\Users\dmitr\.m2\repository\org\codehaus\plexus\plexus-archiver\4.2.1\plexus-archiver-4.2.1.jar;C:\Users\dmitr\.m2\repository\org\codehaus\plexus\plexus-io\3.2.0\plexus-io-3.2.0.jar;C:\Users\dmitr\.m2\repository\org\apache\commons\commons-compress\1.19\commons-compress-1.19.jar;C:\Users\dmitr\.m2\repository\org\iq80\snappy\snappy\0.4\snappy-0.4.jar;C:\Users\dmitr\.m2\repository\org\tukaani\xz\1.8\xz-1.8.jar;C:\Users\dmitr\.m2\repository\org\codehaus\plexus\plexus-utils\3.3.0\plexus-utils-3.3.0.jar;C:\Users\dmitr\.m2\repository\org\apache\maven\plugins\maven-resources-plugin\3.2.0\maven-resources-plugin-3.2.0.jar;C:\Users\dmitr\.m2\repository\org\apache\maven\maven-model\3.1.0\maven-model-3.1.0.jar;C:\Users\dmitr\.m2\repository\org\codehaus\plexus\plexus-component-annotations\2.0.0\plexus-component-annotations-2.0.0.jar;C:\Users\dmitr\.m2\repository\org\codehaus\plexus\plexus-interpolation\1.26\plexus-interpolation-1.26.jar;C:\Users\dmitr\.m2\repository\org\eclipse\sisu\org.eclipse.sisu.plexus\0.0.0.M2a\org.eclipse.sisu.plexus-0.0.0.M2a.jar;C:\Users\dmitr\.m2\repository\javax\enterprise\cdi-api\1.0\cdi-api-1.0.jar;C:\Users\dmitr\.m2\repository\javax\annotation\jsr250-api\1.0\jsr250-api-1.0.jar;C:\Users\dmitr\.m2\repository\org\sonatype\sisu\sisu-guice\3.1.0\sisu-guice-3.1.0-no_aop.jar;C:\Users\dmitr\.m2\repository\org\eclipse\sisu\org.eclipse.sisu.inject\0.0.0.M2a\org.eclipse.sisu.inject-0.0.0.M2a.jar;C:\Users\dmitr\.m2\repository\asm\asm\3.3.1\asm-3.3.1.jar;C:\Users\dmitr\.m2\repository\org\apache\maven\shared\maven-filtering\3.2.0\maven-filtering-3.2.0.jar;C:\Users\dmitr\.m2\repository\org\sonatype\plexus\plexus-build-api\0.0.7\plexus-build-api-0.0.7.jar;C:\Users\dmitr\.m2\repository\commons-io\commons-io\2.6\commons-io-2.6.jar;C:\Users\dmitr\.m2\repository\org\apache\commons\commons-lang3\3.8.1\commons-lang3-3.8.1.jar;C:\Users\dmitr\.m2\repository\org\apache\maven\plugins\maven-deploy-plugin\3.0.0-M1\maven-deploy-plugin-3.0.0-M1.jar;"/>
    <property name="sun.cpu.endian" value="little"/>
    <property name="user.home" value="C:\Users\dmitr"/>
    <property name="user.language" value="ru"/>
    <property name="java.specification.vendor" value="Oracle Corporation"/>
    <property name="java.version.date" value="2020-07-14"/>
    <property name="java.home" value="C:\Program Files\Java\jdk-11.0.8"/>
    <property name="file.separator" value="\"/>
    <property name="basedir" value="D:\JavaAutomation\Dmitrienko\XMLParser"/>
    <property name="java.vm.compressedOopsMode" value="32-bit"/>
    <property name="line.separator" value="&#10;"/>
    <property name="java.specification.name" value="Java Platform API Specification"/>
    <property name="java.vm.specification.vendor" value="Oracle Corporation"/>
    <property name="java.awt.graphicsenv" value="sun.awt.Win32GraphicsEnvironment"/>
    <property name="surefire.real.class.path" value="C:\Users\dmitr\AppData\Local\Temp\surefire5527082100669652983\surefirebooter16592352219906422731.jar"/>
    <property name="user.script" value=""/>
    <property name="sun.management.compiler" value="HotSpot 64-Bit Tiered Compilers"/>
    <property name="java.runtime.version" value="11.0.8+10-LTS"/>
    <property name="user.name" value="dmitr"/>
    <property name="path.separator" value=";"/>
    <property name="os.version" value="10.0"/>
    <property name="java.runtime.name" value="Java(TM) SE Runtime Environment"/>
    <property name="file.encoding" value="Cp1251"/>
    <property name="java.vm.name" value="Java HotSpot(TM) 64-Bit Server VM"/>
    <property name="java.vendor.version" value="18.9"/>
    <property name="localRepository" value="C:\Users\dmitr\.m2\repository"/>
    <property name="java.vendor.url.bug" value="https://bugreport.java.com/bugreport/"/>
    <property name="java.io.tmpdir" value="C:\Users\dmitr\AppData\Local\Temp\"/>
    <property name="idea.version" value="2020.2.2"/>
    <property name="java.version" value="11.0.8"/>
    <property name="user.dir" value="D:\JavaAutomation\Dmitrienko\XMLParser"/>
    <property name="os.arch" value="amd64"/>
    <property name="java.vm.specification.name" value="Java Virtual Machine Specification"/>
    <property name="java.awt.printerjob" value="sun.awt.windows.WPrinterJob"/>
    <property name="sun.os.patch.level" value=""/>
    <property name="java.library.path" value="C:\Program Files\Java\jdk-11.0.8\bin;C:\Windows\Sun\Java\bin;C:\Windows\system32;C:\Windows;C:\Program Files\Common Files\Oracle\Java\javapath;C:\windows\system32;C:\windows;C:\windows\System32\Wbem;C:\windows\System32\WindowsPowerShell\v1.0\;C:\windows\System32\OpenSSH\;C:\Program Files (x86)\NVIDIA Corporation\PhysX\Common;C:\Program Files\NVIDIA Corporation\NVIDIA NvDLISR;C:\Windows\system32;C:\Windows;C:\Windows\System32\Wbem;C:\Windows\System32\WindowsPowerShell\v1.0\;C:\Windows\System32\OpenSSH\;C:\Program Files\Java\jdk1.8.0_221\bin;D:\Program files\apache-maven-3.6.3\bin;C:\Program Files\Calibre2\;D:\Program files\platform-tools;D:\Program files\curl-7.71.1-win64-mingw\bin;D:\Program files\Git\cmd;C:\Users\dmitr\AppData\Local\Microsoft\WindowsApps;C:\Users\dmitr\AppData\Local\GitHubDesktop\bin;D:\Program files\PyCharm Community Edition 2020.2\bin;;."/>
    <property name="java.vendor" value="Oracle Corporation"/>
    <property name="java.vm.info" value="mixed mode"/>
    <property name="java.vm.version" value="11.0.8+10-LTS"/>
    <property name="sun.io.unicode.encoding" value="UnicodeLittle"/>
    <property name="java.class.version" value="55.0"/>
  </properties>
  <testcase name="testAddAll" classname="collections.MyArrayListTest" time="0.007"/>
  <testcase name="testAddAllWithNullArgument" classname="collections.MyArrayListTest" time="0"/>
  <testcase name="testAddElementOutOfBounds" classname="collections.MyArrayListTest" time="0"/>
  <testcase name="testAddNullWithIndex" classname="collections.MyArrayListTest" time="0.011">
    <failure message="&#10;Method MyArrayListTest.testAddNullWithIndex()[pri:0, instance:collections.MyArrayListTest@6497b078] should have thrown an exception of type class java.lang.NullPointerException" type="org.testng.TestException"><![CDATA[org.testng.TestException: 

Method MyArrayListTest.testAddNullWithIndex()[pri:0, instance:collections.MyArrayListTest@6497b078] should have thrown an exception of type class java.lang.NullPointerException
]]></failure>
  </testcase>
  <testcase name="testAddNullWithoutIndex" classname="collections.MyArrayListTest" time="0.004">
    <failure message="&#10;Method MyArrayListTest.testAddNullWithoutIndex()[pri:0, instance:collections.MyArrayListTest@6497b078] should have thrown an exception of type class java.lang.NullPointerException" type="org.testng.TestException"><![CDATA[org.testng.TestException: 

Method MyArrayListTest.testAddNullWithoutIndex()[pri:0, instance:collections.MyArrayListTest@6497b078] should have thrown an exception of type class java.lang.NullPointerException
]]></failure>
  </testcase>
  <testcase name="testAddWithIndex" classname="collections.MyArrayListTest" time="0.001"/>
  <testcase name="testAddWithoutIndex" classname="collections.MyArrayListTest" time="0.002"/>
  <testcase name="testClear" classname="collections.MyArrayListTest" time="0.001"/>
  <testcase name="testContainsFalse" classname="collections.MyArrayListTest" time="0"/>
  <testcase name="testContainsTrue" classname="collections.MyArrayListTest" time="0"/>
  <testcase name="testContainsWithNullArgument" classname="collections.MyArrayListTest" time="0.002">
    <failure message="&#10;Method MyArrayListTest.testContainsWithNullArgument()[pri:0, instance:collections.MyArrayListTest@6497b078] should have thrown an exception of type class java.lang.NullPointerException" type="org.testng.TestException"><![CDATA[org.testng.TestException: 

Method MyArrayListTest.testContainsWithNullArgument()[pri:0, instance:collections.MyArrayListTest@6497b078] should have thrown an exception of type class java.lang.NullPointerException
]]></failure>
  </testcase>
  <testcase name="testGetOutOfBounds" classname="collections.MyArrayListTest" time="0.001"/>
  <testcase name="testInitialSizeWithCapacityArgumentConstructor" classname="collections.MyArrayListTest" time="0"/>
  <testcase name="testInitialSizeWithDefaultConstructor" classname="collections.MyArrayListTest" time="0.001"/>
  <testcase name="testIsEmptyFalse" classname="collections.MyArrayListTest" time="0.001"/>
  <testcase name="testIsEmptyTrue" classname="collections.MyArrayListTest" time="0.001"/>
  <testcase name="testIteratorHasNextFalse" classname="collections.MyArrayListTest" time="0.001"/>
  <testcase name="testIteratorHasNextTrue" classname="collections.MyArrayListTest" time="0"/>
  <testcase name="testIteratorNext" classname="collections.MyArrayListTest" time="0"/>
  <testcase name="testIteratorNoSuchElement" classname="collections.MyArrayListTest" time="0.001"/>
  <testcase name="testRemoveOutOfBounds" classname="collections.MyArrayListTest" time="0.002"/>
  <testcase name="testRemoveWithIndex" classname="collections.MyArrayListTest" time="0"/>
  <testcase name="testRemoveWithNullArgument" classname="collections.MyArrayListTest" time="0.001">
    <failure message="&#10;Method MyArrayListTest.testRemoveWithNullArgument()[pri:0, instance:collections.MyArrayListTest@6497b078] should have thrown an exception of type class java.lang.NullPointerException" type="org.testng.TestException"><![CDATA[org.testng.TestException: 

Method MyArrayListTest.testRemoveWithNullArgument()[pri:0, instance:collections.MyArrayListTest@6497b078] should have thrown an exception of type class java.lang.NullPointerException
]]></failure>
  </testcase>
  <testcase name="testRemoveWithoutIndex" classname="collections.MyArrayListTest" time="0"/>
  <testcase name="testSet" classname="collections.MyArrayListTest" time="0.001"/>
  <testcase name="testSetOutOfBounds" classname="collections.MyArrayListTest" time="0"/>
  <testcase name="testSetWithNullArgument" classname="collections.MyArrayListTest" time="0.001">
    <failure message="&#10;Method MyArrayListTest.testSetWithNullArgument()[pri:0, instance:collections.MyArrayListTest@6497b078] should have thrown an exception of type class java.lang.NullPointerException" type="org.testng.TestException"><![CDATA[org.testng.TestException: 

Method MyArrayListTest.testSetWithNullArgument()[pri:0, instance:collections.MyArrayListTest@6497b078] should have thrown an exception of type class java.lang.NullPointerException
]]></failure>
  </testcase>
  <testcase name="testSize" classname="collections.MyArrayListTest" time="0"/>
  <testcase name="testToArrayWithArgument" classname="collections.MyArrayListTest" time="0"/>
  <testcase name="testToArrayWithNullArgument" classname="collections.MyArrayListTest" time="0.001"/>
  <testcase name="testToArrayWithoutArgument" classname="collections.MyArrayListTest" time="0"/>
  <testcase name="testAddAll" classname="collections.MyDLLTest" time="0.001"/>
  <testcase name="testAddAllWithNullArgument" classname="collections.MyDLLTest" time="0"/>
  <testcase name="testAddElementOutOfBounds" classname="collections.MyDLLTest" time="0"/>
  <testcase name="testAddNullWithIndex" classname="collections.MyDLLTest" time="0"/>
  <testcase name="testAddNullWithoutIndex" classname="collections.MyDLLTest" time="0"/>
  <testcase name="testAddWithIndex" classname="collections.MyDLLTest" time="0.001">
    <failure type="java.lang.NullPointerException"><![CDATA[java.lang.NullPointerException
	at collections.MyDLLTest.testAddWithIndex(MyDLLTest.java:122)
]]></failure>
  </testcase>
  <testcase name="testAddWithoutIndex" classname="collections.MyDLLTest" time="0.001"/>
  <testcase name="testClear" classname="collections.MyDLLTest" time="0"/>
  <testcase name="testContainsFalse" classname="collections.MyDLLTest" time="0"/>
  <testcase name="testContainsTrue" classname="collections.MyDLLTest" time="0"/>
  <testcase name="testContainsWithNullArgument" classname="collections.MyDLLTest" time="0"/>
  <testcase name="testGetOutOfBounds" classname="collections.MyDLLTest" time="0"/>
  <testcase name="testInitialSize" classname="collections.MyDLLTest" time="0"/>
  <testcase name="testIsEmptyFalse" classname="collections.MyDLLTest" time="0"/>
  <testcase name="testIsEmptyTrue" classname="collections.MyDLLTest" time="0"/>
  <testcase name="testIteratorHasNextFalse" classname="collections.MyDLLTest" time="0.002"/>
  <testcase name="testIteratorHasNextTrue" classname="collections.MyDLLTest" time="0"/>
  <testcase name="testIteratorNext" classname="collections.MyDLLTest" time="0"/>
  <testcase name="testIteratorNoSuchElement" classname="collections.MyDLLTest" time="0"/>
  <testcase name="testRemoveOutOfBounds" classname="collections.MyDLLTest" time="0"/>
  <testcase name="testRemoveWithIndex" classname="collections.MyDLLTest" time="0"/>
  <testcase name="testRemoveWithNullArgument" classname="collections.MyDLLTest" time="0"/>
  <testcase name="testRemoveWithoutIndex" classname="collections.MyDLLTest" time="0.001">
    <failure message="expected [3] but found [2]" type="java.lang.AssertionError"><![CDATA[java.lang.AssertionError: expected [3] but found [2]
	at collections.MyDLLTest.testRemoveWithoutIndex(MyDLLTest.java:163)
]]></failure>
  </testcase>
  <testcase name="testSet" classname="collections.MyDLLTest" time="0"/>
  <testcase name="testSetOutOfBounds" classname="collections.MyDLLTest" time="0"/>
  <testcase name="testSetWithNullArgument" classname="collections.MyDLLTest" time="0"/>
  <testcase name="testSize" classname="collections.MyDLLTest" time="0"/>
  <testcase name="testToArrayWithArgument" classname="collections.MyDLLTest" time="0.001"/>
  <testcase name="testToArrayWithNullArgument" classname="collections.MyDLLTest" time="0.001"/>
  <testcase name="testToArrayWithoutArgument" classname="collections.MyDLLTest" time="0.001"/>
  <testcase name="testDequeue" classname="collections.MyQueueTest" time="0"/>
  <testcase name="testDequeueAll" classname="collections.MyQueueTest" time="0.001"/>
  <testcase name="testDequeueWithEmptyQueue" classname="collections.MyQueueTest" time="0"/>
  <testcase name="testEnqueue" classname="collections.MyQueueTest" time="0"/>
  <testcase name="testEnqueueNull" classname="collections.MyQueueTest" time="0"/>
  <testcase name="testEqualsFalseWithDifferentElements" classname="collections.MyQueueTest" time="0.001"/>
  <testcase name="testEqualsFalseWithDifferentSize" classname="collections.MyQueueTest" time="0"/>
  <testcase name="testEqualsTrue" classname="collections.MyQueueTest" time="0"/>
  <testcase name="testInitialSize" classname="collections.MyQueueTest" time="0"/>
  <testcase name="testIsEmptyFalse" classname="collections.MyQueueTest" time="0"/>
  <testcase name="testIsEmptyTrue" classname="collections.MyQueueTest" time="0.001"/>
  <testcase name="testIsFull" classname="collections.MyQueueTest" time="0.001"/>
  <testcase name="testIteratorHasNextFalse" classname="collections.MyQueueTest" time="0.001"/>
  <testcase name="testIteratorHasNextTrue" classname="collections.MyQueueTest" time="0.001"/>
  <testcase name="testIteratorNext" classname="collections.MyQueueTest" time="0.001"/>
  <testcase name="testIteratorNoSuchElement" classname="collections.MyQueueTest" time="0"/>
  <testcase name="testPeek" classname="collections.MyQueueTest" time="0"/>
  <testcase name="testPeekWithEmptyQueue" classname="collections.MyQueueTest" time="0"/>
  <testcase name="testSize" classname="collections.MyQueueTest" time="0"/>
  <testcase name="testToArrayWithArgument" classname="collections.MyQueueTest" time="0"/>
  <testcase name="testToArrayWithNullArgument" classname="collections.MyQueueTest" time="0.001"/>
  <testcase name="testToArrayWithoutArgument" classname="collections.MyQueueTest" time="0"/>
  <testcase name="testClear" classname="collections.MyStackTest" time="0.001"/>
  <testcase name="testContainsFalse" classname="collections.MyStackTest" time="0"/>
  <testcase name="testContainsTrue" classname="collections.MyStackTest" time="0"/>
  <testcase name="testContainsWithNullArgument" classname="collections.MyStackTest" time="0"/>
  <testcase name="testEqualsFalseWithDifferentElements" classname="collections.MyStackTest" time="0"/>
  <testcase name="testEqualsFalseWithDifferentSize" classname="collections.MyStackTest" time="0"/>
  <testcase name="testEqualsTrue" classname="collections.MyStackTest" time="0.001"/>
  <testcase name="testInitialSize" classname="collections.MyStackTest" time="0"/>
  <testcase name="testIsEmptyFalse" classname="collections.MyStackTest" time="0"/>
  <testcase name="testIsEmptyTrue" classname="collections.MyStackTest" time="0"/>
  <testcase name="testIteratorHasNextFalse" classname="collections.MyStackTest" time="0.001"/>
  <testcase name="testIteratorHasNextTrue" classname="collections.MyStackTest" time="0"/>
  <testcase name="testIteratorNext" classname="collections.MyStackTest" time="0"/>
  <testcase name="testIteratorNoSuchElement" classname="collections.MyStackTest" time="0.001"/>
  <testcase name="testPeek" classname="collections.MyStackTest" time="0.001"/>
  <testcase name="testPeekWithEmptyStack" classname="collections.MyStackTest" time="0"/>
  <testcase name="testPop" classname="collections.MyStackTest" time="0"/>
  <testcase name="testPopWithEmptyStack" classname="collections.MyStackTest" time="0"/>
  <testcase name="testPush" classname="collections.MyStackTest" time="0"/>
  <testcase name="testPushNull" classname="collections.MyStackTest" time="0.001"/>
  <testcase name="testSearch" classname="collections.MyStackTest" time="0"/>
  <testcase name="testSize" classname="collections.MyStackTest" time="0"/>
  <testcase name="testToArrayWithArgument" classname="collections.MyStackTest" time="0"/>
  <testcase name="testToArrayWithNullArgument" classname="collections.MyStackTest" time="0"/>
  <testcase name="testToArrayWithoutArgument" classname="collections.MyStackTest" time="0.001"/>
  <testcase name="testAttributeWithoutClosingQuote" classname="parser.XMLParserTest" time="0.013"/>
  <testcase name="testEmptyFile" classname="parser.XMLParserTest" time="0.001">
    <failure message="null" type="java.lang.AssertionError"><![CDATA[java.lang.AssertionError: null
	at parser.XMLParserTest.testEmptyFile(XMLParserTest.java:22)
]]></failure>
  </testcase>
  <testcase name="testEmptyTag" classname="parser.XMLParserTest" time="0.003">
    <failure message="did not expect [0] but found [0]" type="java.lang.AssertionError"><![CDATA[java.lang.AssertionError: did not expect [0] but found [0]
	at parser.XMLParserTest.testEmptyTag(XMLParserTest.java:31)
]]></failure>
  </testcase>
  <testcase name="testEmptyTagContent" classname="parser.XMLParserTest" time="0.001"/>
  <testcase name="testInvalidClosingTagsSequence" classname="parser.XMLParserTest" time="0.001"/>
  <testcase name="testMissingBracket" classname="parser.XMLParserTest" time="0.001"/>
  <testcase name="testMissingClosingTag" classname="parser.XMLParserTest" time="0.001"/>
  <testcase name="testMissingRootTag" classname="parser.XMLParserTest" time="0.001"/>
  <testcase name="testNotClosedComment" classname="parser.XMLParserTest" time="0.001"/>
  <testcase name="testNotXML" classname="parser.XMLParserTest" time="0.001"/>
  <testcase name="testSelfClosingTag" classname="parser.XMLParserTest" time="0.002">
    <failure message="expected [0] but found [2]" type="java.lang.AssertionError"><![CDATA[java.lang.AssertionError: expected [0] but found [2]
	at parser.XMLParserTest.testSelfClosingTag(XMLParserTest.java:80)
]]></failure>
  </testcase>
  <testcase name="testTagWithAmpersand" classname="parser.XMLParserTest" time="0.001"/>
  <testcase name="testTagWithApostrophe" classname="parser.XMLParserTest" time="0.001"/>
  <testcase name="testTagWithAttribute" classname="parser.XMLParserTest" time="0.001"/>
  <testcase name="testTagWithCDATA" classname="parser.XMLParserTest" time="0.002">
    <failure message="expected [0] but found [1]" type="java.lang.AssertionError"><![CDATA[java.lang.AssertionError: expected [0] but found [1]
	at parser.XMLParserTest.testTagWithCDATA(XMLParserTest.java:171)
]]></failure>
  </testcase>
  <testcase name="testTagWithGreaterSign" classname="parser.XMLParserTest" time="0.002"/>
  <testcase name="testTagWithInvalidAmpersand" classname="parser.XMLParserTest" time="0.001">
    <failure message="did not expect [0] but found [0]" type="java.lang.AssertionError"><![CDATA[java.lang.AssertionError: did not expect [0] but found [0]
	at parser.XMLParserTest.testTagWithInvalidAmpersand(XMLParserTest.java:115)
]]></failure>
  </testcase>
  <testcase name="testTagWithInvalidLessSign" classname="parser.XMLParserTest" time="0.001"/>
  <testcase name="testTagWithLessSign" classname="parser.XMLParserTest" time="0.002"/>
  <testcase name="testTagWithQuote" classname="parser.XMLParserTest" time="0.001"/>
  <testcase name="testValidXML" classname="parser.XMLParserTest" time="0.002"/>
  <testcase name="testWithComment" classname="parser.XMLParserTest" time="0.002">
    <failure message="expected [0] but found [2]" type="java.lang.AssertionError"><![CDATA[java.lang.AssertionError: expected [0] but found [2]
	at parser.XMLParserTest.testWithComment(XMLParserTest.java:150)
]]></failure>
  </testcase>
  <testcase name="testWithProlog" classname="parser.XMLParserTest" time="0">
    <failure message="expected [0] but found [1]" type="java.lang.AssertionError"><![CDATA[java.lang.AssertionError: expected [0] but found [1]
	at parser.XMLParserTest.testWithProlog(XMLParserTest.java:157)
]]></failure>
  </testcase>
</testsuite>